<?xml version="1.0" encoding="UTF-8" ?>
<testsuite failures="0" time="0.002" errors="1" skipped="0" tests="1" name="Test">
  <properties>
[...]
</properties>
  <testcase time="0.002" classname="Test" name="initializationError">
    <error message="Type SpringJUnit4ClassRunner not present" type="java.lang.TypeNotPresentException">java.lang.TypeNotPresentException: Type SpringJUnit4ClassRunner not present
	at sun.reflect.annotation.TypeNotPresentExceptionProxy.generateException(TypeNotPresentExceptionProxy.java:46)
	at sun.reflect.annotation.AnnotationInvocationHandler.invoke(AnnotationInvocationHandler.java:75)
	at com.sun.proxy.$Proxy4.value(Unknown Source)
	at org.junit.internal.builders.AnnotatedBuilder.runnerForClass(AnnotatedBuilder.java:86)
	at org.junit.runners.model.RunnerBuilder.safeRunnerForClass(RunnerBuilder.java:59)
	at org.junit.internal.builders.AllDefaultPossibilitiesBuilder.runnerForClass(AllDefaultPossibilitiesBuilder.java:26)
	at org.junit.runners.model.RunnerBuilder.safeRunnerForClass(RunnerBuilder.java:59)
	at org.junit.internal.requests.ClassRequest.getRunner(ClassRequest.java:33)
	at org.apache.maven.surefire.junit4.JUnit4Provider.execute(JUnit4Provider.java:250)
	at org.apache.maven.surefire.junit4.JUnit4Provider.executeTestSet(JUnit4Provider.java:141)
	at org.apache.maven.surefire.junit4.JUnit4Provider.invoke(JUnit4Provider.java:112)
	at sun.reflect.NativeMethodAccessorImpl.invoke0(Native Method)
	at sun.reflect.NativeMethodAccessorImpl.invoke(NativeMethodAccessorImpl.java:57)
	at sun.reflect.DelegatingMethodAccessorImpl.invoke(DelegatingMethodAccessorImpl.java:43)
	at java.lang.reflect.Method.invoke(Method.java:606)
	at org.apache.maven.surefire.util.ReflectionUtils.invokeMethodWithArray(ReflectionUtils.java:189)
	at org.apache.maven.surefire.booter.ProviderFactory$ProviderProxy.invoke(ProviderFactory.java:165)
	at org.apache.maven.surefire.booter.ProviderFactory.invokeProvider(ProviderFactory.java:85)
	at org.apache.maven.surefire.booter.ForkedBooter.runSuitesInProcess(ForkedBooter.java:115)
	at org.apache.maven.surefire.booter.ForkedBooter.main(ForkedBooter.java:75)
Caused by: java.lang.ClassNotFoundException: SpringJUnit4ClassRunner
	at java.net.URLClassLoader$1.run(URLClassLoader.java:366)
	at java.net.URLClassLoader$1.run(URLClassLoader.java:355)
	at java.security.AccessController.doPrivileged(Native Method)
	at java.net.URLClassLoader.findClass(URLClassLoader.java:354)
	at java.lang.ClassLoader.loadClass(ClassLoader.java:425)
	at sun.misc.Launcher$AppClassLoader.loadClass(Launcher.java:308)
	at java.lang.ClassLoader.loadClass(ClassLoader.java:358)
	at java.lang.Class.forName0(Native Method)
	at java.lang.Class.forName(Class.java:270)
	at sun.reflect.generics.factory.CoreReflectionFactory.makeNamedType(CoreReflectionFactory.java:114)
	at sun.reflect.generics.visitor.Reifier.visitClassTypeSignature(Reifier.java:125)
	at sun.reflect.generics.tree.ClassTypeSignature.accept(ClassTypeSignature.java:49)
	at sun.reflect.annotation.AnnotationParser.parseSig(AnnotationParser.java:390)
	at sun.reflect.annotation.AnnotationParser.parseClassValue(AnnotationParser.java:371)
	at sun.reflect.annotation.AnnotationParser.parseMemberValue(AnnotationParser.java:300)
	at sun.reflect.annotation.AnnotationParser.parseAnnotation(AnnotationParser.java:241)
	at sun.reflect.annotation.AnnotationParser.parseAnnotations2(AnnotationParser.java:88)
	at sun.reflect.annotation.AnnotationParser.parseAnnotations(AnnotationParser.java:70)
	at java.lang.Class.initAnnotationsIfNecessary(Class.java:3178)
	at java.lang.Class.getAnnotation(Class.java:3137)
	at org.apache.maven.surefire.common.junit4.JUnit4TestChecker.isValidJUnit4Test(JUnit4TestChecker.java:64)
	at org.apache.maven.surefire.common.junit4.JUnit4TestChecker.accept(JUnit4TestChecker.java:51)
	at org.apache.maven.surefire.util.DefaultScanResult.applyFilter(DefaultScanResult.java:97)
	at org.apache.maven.surefire.junit4.JUnit4Provider.scanClassPath(JUnit4Provider.java:194)
	at org.apache.maven.surefire.junit4.JUnit4Provider.invoke(JUnit4Provider.java:92)
	... 9 more
</error>
  </testcase>
</testsuite>